Start testing: Dec 29 18:52 SE Asia Standard Time
----------------------------------------------------------
1/2 Testing: TestAtom
1/2 Test: TestAtom
Command: "D:/Chemsi/cpp_engine/build/Release/TestAtom.exe"
Directory: D:/Chemsi/cpp_engine/build
"TestAtom" start time: Dec 29 18:52 SE Asia Standard Time
Output:
----------------------------------------------------------
--- Running Unit Tests ---
✅ Atom Creation Test Passed!
✅ Atom Movement Test Passed!
--- All Tests Passed Successfully ---
<end of output>
Test time =   0.01 sec
----------------------------------------------------------
Test Passed.
"TestAtom" end time: Dec 29 18:52 SE Asia Standard Time
"TestAtom" time elapsed: 00:00:00
----------------------------------------------------------

2/2 Testing: NumericIntegrity
2/2 Test: NumericIntegrity
Command: "D:/Chemsi/cpp_engine/build/Release/NumericIntegrity.exe"
Directory: D:/Chemsi/cpp_engine/build
"NumericIntegrity" start time: Dec 29 18:52 SE Asia Standard Time
Output:
----------------------------------------------------------
[PASS] 1B.3a dt-robustness tripwire (dt=0.02 vs 0.10 at t=1s,10s)
[PASS] baseline_60s (dt=0.02, t_end=60)
[PASS] tiny_dt_micro (dt=1e-06, t_end=0.002)
[PASS] large_dt_60s (dt=1, t_end=60)
[PASS] soak_2h (dt=0.1, t_end=7200)
[PASS] burn_no_suppression_10m (dt=0.05, t_end=600)
[PASS] ultra_large_dt_10m (dt=5, t_end=600)
[PASS] 1B.3b invalid dt handling (0, <0, NaN, Inf) no-op + bounded
[PASS] huge_dt_60s_step_10m (dt=60, t_end=600)
[PASS] huge_dt_600s_step_10m (dt=600, t_end=600)
[PASS] 1B.3b very large dt safety (60s, 600s) finite/bounded
[PASS] 1B.3b ignite spam every step: finite/bounded
[PASS] 1B.3b suppression spam every step: finite/bounded
[PASS] 1B.3b suppression-before-ignition then ignite: finite/bounded
[PASS] 1B.3b reset idempotence (double reset returns baseline)
[PASS] 1B.3b fresh instance after invalid calls remains baseline
[PASS] 1C.E1 commands do not advance time
[PASS] 1C.E2 time monotonic + dt-consistent
[PASS] 1C.B1/D1/B3 ignition latch + idempotence + fuel non-increase
[PASS] 1C.D2/B2 suppression-before-ignition safe + latch monotonic
[PASS] 1C.B4/D3 terminal latch + terminal no-op + command safety
[PASS] 2.1 pre-ignition quiescence (t<=1.5s, dt=0.05)
[PASS] 2.2 ignition implies fuel consumption (fuel decreases post-ignite)
[PASS] 2.3 HRR->T plausibility: eligible=96 ok=96 frac_ok=1 hrr_gate=85627 r0=0.991423 r1=0.989707
<end of output>
Test time =   0.33 sec
----------------------------------------------------------
Test Passed.
"NumericIntegrity" end time: Dec 29 18:52 SE Asia Standard Time
"NumericIntegrity" time elapsed: 00:00:00
----------------------------------------------------------

End testing: Dec 29 18:52 SE Asia Standard Time
