Start testing: Dec 29 22:31 SE Asia Standard Time
----------------------------------------------------------
2/2 Testing: NumericIntegrity
2/2 Test: NumericIntegrity
Command: "D:/Chemsi/cpp_engine/build-ninja/NumericIntegrity.exe"
Directory: D:/Chemsi/cpp_engine/build-ninja
"NumericIntegrity" start time: Dec 29 22:31 SE Asia Standard Time
Output:
----------------------------------------------------------
[PASS] 1B.3a dt-robustness tripwire (dt=0.02 vs 0.10 at t=1s,10s)
[PASS] baseline_60s (dt=0.02, t_end=60)
[PASS] tiny_dt_micro (dt=1e-06, t_end=0.002)
[PASS] large_dt_60s (dt=1, t_end=60)
[PASS] soak_2h (dt=0.1, t_end=7200)
[PASS] burn_no_suppression_10m (dt=0.05, t_end=600)
[PASS] ultra_large_dt_10m (dt=5, t_end=600)
[PASS] 1B.3b invalid dt handling (0, <0, NaN, Inf) no-op + bounded
[PASS] huge_dt_60s_step_10m (dt=60, t_end=600)
[PASS] huge_dt_600s_step_10m (dt=600, t_end=600)
[PASS] 1B.3b very large dt safety (60s, 600s) finite/bounded
[PASS] 1B.3b ignite spam every step: finite/bounded
[PASS] 1B.3b suppression spam every step: finite/bounded
[PASS] 1B.3b suppression-before-ignition then ignite: finite/bounded
[PASS] 1B.3b reset idempotence (double reset returns baseline)
[PASS] 1B.3b fresh instance after invalid calls remains baseline
[PASS] 1C.E1 commands do not advance time
[PASS] 1C.E2 time monotonic + dt-consistent
[PASS] 1C.B1/D1/B3 ignition latch + idempotence + fuel non-increase
[PASS] 1C.D2/B2 suppression-before-ignition safe + latch monotonic
[PASS] 1C.B4/D3 terminal latch + terminal no-op + command safety
[PASS] 2.1 pre-ignition quiescence (t<=1.5s, dt=0.05)
[PASS] 2.2 ignition implies fuel consumption (fuel decreases post-ignite)
[PASS] 2.3 HRR->T plausibility: eligible=96 ok=96 frac_ok=1 hrr_gate=85627 r0=0.991423 r1=0.989707
[PASS] 2.4 suppression reduces heating outcomes eligible=190 dt=0.05 ignite_at=2 suppress_on_at=2.5 t_end=12 dT_A_total=25.0221 dT_B_total=19.2302
[PASS] 2.5 fuel monotonicity under combustion eligible=200 dt=0.05 ignite_at=2 suppress_on_at=2.5 t_end=12 eps_step=1e-12 eps_cmp=1e-09
[PASS] 2.6 no spontaneous mass appearance pre-suppression dt=0.05 ignite_at=2 suppress_on_at=5 sample_at=4 t_end=6 eps_cmp=1e-12 eps_nz=1e-12
[PASS] 2.7 suppression increases agent presence after command dt=0.05 ignite_at=2 suppress_cmd_at=5 post_window=[6,10] eps_agent=1e-12 eps_mdot=1e-12 enabled_at=5.05 concEvidence=1 flowEvidence=1 earlyIncrease=1
[PASS] 2.8 combustion species directionality dt=0.05 ignite_at=2 window=[3,5] eps_vol=1e-07 hrr_gate=1000 fuel_delta=0.02 dO2=-0.0449557 dCO2=0.027894 dH2O=0.027752 start(O2,CO2,H2O)=(20.9342,0.0510448,1.00894) end(O2,CO2,H2O)=(20.8892,0.0789388,1.0367)
[PASS] 2.9 suppression yields less-burned composition vs no-suppression dt=0.05 ignite_at=2 suppress_cmd_at=5 enabled_at=5.05 t_eval=10 tol=1e-06 hrr_gate_dynamic=21408 fuelA_net_delta=0.08 agent_present=1 agent_sum_B=0.0124803 raw d(B-A)=(O2=-0.105903,CO2=-0.00104714,H2O=-0.00594694) dry d(B-A)=(O2=2.48798e-05,CO2=-1.2577e-05,H2O=-1.23028e-05) A(O2,CO2,H2O)=(20.7743,0.150557,1.10797) B(O2,CO2,H2O)=(20.6684,0.149509,1.10202) pre_enable_hits=0/41
[PASS] 2.10 no suppression effects before command dt=0.05 ignite_at=2 t_end=4.9 eps_agent=1e-12 eps_mdot=1e-12
[PASS] 2.11 ignition precedes combustion indicators dt=0.05 ignite_at=2 window=[3,5] hrr_gate=1000 fuel_min_delta=0.02
<end of output>
Test time =   0.30 sec
----------------------------------------------------------
Test Passed.
"NumericIntegrity" end time: Dec 29 22:31 SE Asia Standard Time
"NumericIntegrity" time elapsed: 00:00:00
----------------------------------------------------------

End testing: Dec 29 22:31 SE Asia Standard Time
